UPLOADER Wed Jul 20 16:11:01 2016 /Users/steve/Code/nypl/uploader.py
UPLOADER Wed Jul 20 16:11:01 2016 /Users/steve/Code/nypl/uploader.py
UPLOADER Wed Jul 20 16:11:01 2016 /Users/steve/Code/nypl/uploader.py
UPLOADER Wed Jul 20 16:11:01 2016 /Users/steve/Code/nypl/uploader.py
UPLOADER Wed Jul 20 16:11:01 2016 /Users/steve/Code/nypl/uploader.py
UPLOADER Wed Jul 20 16:11:01 2016 /Users/steve/Code/nypl/uploader.py
[1] uploader_tests/TEST_UPLOADED.jpg UPLOADED
[1] uploader_tests/TEST_UPLOADED.jpg UPLOADED
[1] uploader_tests/TEST_UPLOADED.jpg UPLOADED
UPLOADER Wed Jul 20 16:11:21 2016 /Users/steve/Code/nypl/uploader.pyc
UPLOADER Wed Jul 20 16:11:21 2016 /Users/steve/Code/nypl/uploader.pyc
UPLOADER Wed Jul 20 16:11:21 2016 /Users/steve/Code/nypl/uploader.pyc
UPLOADER Wed Jul 20 16:11:21 2016 /Users/steve/Code/nypl/uploader.pyc
UPLOADER Wed Jul 20 16:11:21 2016 /Users/steve/Code/nypl/uploader.pyc
UPLOADER Wed Jul 20 16:11:21 2016 /Users/steve/Code/nypl/uploader.pyc
[1] uploader_tests/TEST_UPLOADED.jpg UPLOADED
[1] uploader_tests/TEST_UPLOADED.jpg UPLOADED
[1] uploader_tests/TEST_UPLOADED.jpg UPLOADED
UPLOADER Wed Jul 20 16:11:21 2016 /Users/steve/Code/nypl/uploader.pyc
UPLOADER Wed Jul 20 16:11:21 2016 /Users/steve/Code/nypl/uploader.pyc
UPLOADER Wed Jul 20 16:11:21 2016 /Users/steve/Code/nypl/uploader.pyc
UPLOADER Wed Jul 20 16:11:21 2016 /Users/steve/Code/nypl/uploader.pyc
[0] uploader_tests/TEST_NOT_UPLOADED.jpg 302 LOCATION
[0] uploader_tests/TEST_NOT_UPLOADED.jpg 302 LOCATION
[0] uploader_tests/TEST_NOT_UPLOADED.jpg 302 LOCATION
[0] uploader_tests/TEST_NOT_UPLOADED.jpg 302 LOCATION
UPLOADER Wed Jul 20 16:11:36 2016 /Users/steve/Code/nypl/uploader.pyc
UPLOADER Wed Jul 20 16:11:36 2016 /Users/steve/Code/nypl/uploader.pyc
UPLOADER Wed Jul 20 16:11:36 2016 /Users/steve/Code/nypl/uploader.pyc
UPLOADER Wed Jul 20 16:11:36 2016 /Users/steve/Code/nypl/uploader.pyc
UPLOADER Wed Jul 20 16:11:36 2016 /Users/steve/Code/nypl/uploader.pyc
UPLOADER Wed Jul 20 16:11:36 2016 /Users/steve/Code/nypl/uploader.pyc
[1] uploader_tests/TEST_UPLOADED.jpg UPLOADED
[1] uploader_tests/TEST_UPLOADED.jpg UPLOADED
[1] uploader_tests/TEST_UPLOADED.jpg UPLOADED
UPLOADER Wed Jul 20 16:11:36 2016 /Users/steve/Code/nypl/uploader.pyc
UPLOADER Wed Jul 20 16:11:36 2016 /Users/steve/Code/nypl/uploader.pyc
UPLOADER Wed Jul 20 16:11:36 2016 /Users/steve/Code/nypl/uploader.pyc
UPLOADER Wed Jul 20 16:11:36 2016 /Users/steve/Code/nypl/uploader.pyc
[0] uploader_tests/TEST_NOT_UPLOADED.jpg 600 None
[0] uploader_tests/TEST_NOT_UPLOADED.jpg 600 None
[0] uploader_tests/TEST_NOT_UPLOADED.jpg 600 None
[0] uploader_tests/TEST_NOT_UPLOADED.jpg 600 None
UPLOADER Wed Jul 20 16:11:36 2016 /Users/steve/Code/nypl/uploader.pyc
UPLOADER Wed Jul 20 16:11:36 2016 /Users/steve/Code/nypl/uploader.pyc
UPLOADER Wed Jul 20 16:11:36 2016 /Users/steve/Code/nypl/uploader.pyc
UPLOADER Wed Jul 20 16:11:36 2016 /Users/steve/Code/nypl/uploader.pyc
UPLOADER Wed Jul 20 16:11:36 2016 /Users/steve/Code/nypl/uploader.pyc
[0] uploader_tests/TEST_NOT_UPLOADED.jpg 302 LOCATION
[0] uploader_tests/TEST_NOT_UPLOADED.jpg 302 LOCATION
[0] uploader_tests/TEST_NOT_UPLOADED.jpg 302 LOCATION
[0] uploader_tests/TEST_NOT_UPLOADED.jpg 302 LOCATION
[0] uploader_tests/TEST_NOT_UPLOADED.jpg 302 LOCATION
UPLOADER Wed Jul 20 16:17:39 2016 /Users/steve/Code/nypl/uploader.py
UPLOADER Wed Jul 20 16:17:39 2016 /Users/steve/Code/nypl/uploader.py
UPLOADER Wed Jul 20 16:17:39 2016 /Users/steve/Code/nypl/uploader.py
UPLOADER Wed Jul 20 16:17:39 2016 /Users/steve/Code/nypl/uploader.py
UPLOADER Wed Jul 20 16:17:39 2016 /Users/steve/Code/nypl/uploader.py
UPLOADER Wed Jul 20 16:17:39 2016 /Users/steve/Code/nypl/uploader.py
[1] uploader_tests/TEST_UPLOADED.jpg UPLOADED
[1] uploader_tests/TEST_UPLOADED.jpg UPLOADED
[1] uploader_tests/TEST_UPLOADED.jpg UPLOADED
UPLOADER Wed Jul 20 16:17:39 2016 /Users/steve/Code/nypl/uploader.py
UPLOADER Wed Jul 20 16:17:39 2016 /Users/steve/Code/nypl/uploader.py
UPLOADER Wed Jul 20 16:17:39 2016 /Users/steve/Code/nypl/uploader.py
UPLOADER Wed Jul 20 16:17:39 2016 /Users/steve/Code/nypl/uploader.py
[0] uploader_tests/TEST_NOT_UPLOADED.jpg 600 None
[0] uploader_tests/TEST_NOT_UPLOADED.jpg 600 None
[0] uploader_tests/TEST_NOT_UPLOADED.jpg 600 None
[0] uploader_tests/TEST_NOT_UPLOADED.jpg 600 None
UPLOADER Wed Jul 20 16:17:39 2016 /Users/steve/Code/nypl/uploader.py
UPLOADER Wed Jul 20 16:17:39 2016 /Users/steve/Code/nypl/uploader.py
UPLOADER Wed Jul 20 16:17:39 2016 /Users/steve/Code/nypl/uploader.py
UPLOADER Wed Jul 20 16:17:39 2016 /Users/steve/Code/nypl/uploader.py
UPLOADER Wed Jul 20 16:17:39 2016 /Users/steve/Code/nypl/uploader.py
[0] uploader_tests/TEST_NOT_UPLOADED.jpg 302 LOCATION
[0] uploader_tests/TEST_NOT_UPLOADED.jpg 302 LOCATION
[0] uploader_tests/TEST_NOT_UPLOADED.jpg 302 LOCATION
[0] uploader_tests/TEST_NOT_UPLOADED.jpg 302 LOCATION
[0] uploader_tests/TEST_NOT_UPLOADED.jpg 302 LOCATION
UPLOADER Wed Jul 20 16:18:03 2016 /Users/steve/Code/nypl/uploader.pyc
[1] NYPL/05THUM/100390.a.jpg UPLOADED
UPLOADER Wed Jul 20 16:18:07 2016 /Users/steve/Code/nypl/uploader.pyc
[1] NYPL/05THUM/100390.b.jpg UPLOADED
UPLOADER Wed Jul 20 16:32:31 2016 /Users/steve/Code/nypl/uploader.py
UPLOADER Wed Jul 20 16:32:31 2016 /Users/steve/Code/nypl/uploader.py
UPLOADER Wed Jul 20 16:32:31 2016 /Users/steve/Code/nypl/uploader.py
UPLOADER Wed Jul 20 16:32:31 2016 /Users/steve/Code/nypl/uploader.py
UPLOADER Wed Jul 20 16:32:31 2016 /Users/steve/Code/nypl/uploader.py
UPLOADER Wed Jul 20 16:32:31 2016 /Users/steve/Code/nypl/uploader.py
[1] uploader_tests/TEST_UPLOADED.jpg UPLOADED
[1] uploader_tests/TEST_UPLOADED.jpg UPLOADED
[1] uploader_tests/TEST_UPLOADED.jpg UPLOADED
UPLOADER Wed Jul 20 16:32:31 2016 /Users/steve/Code/nypl/uploader.py
UPLOADER Wed Jul 20 16:32:31 2016 /Users/steve/Code/nypl/uploader.py
UPLOADER Wed Jul 20 16:32:31 2016 /Users/steve/Code/nypl/uploader.py
UPLOADER Wed Jul 20 16:32:31 2016 /Users/steve/Code/nypl/uploader.py
[0] uploader_tests/TEST_NOT_UPLOADED.jpg 600 None
[0] uploader_tests/TEST_NOT_UPLOADED.jpg 600 None
[0] uploader_tests/TEST_NOT_UPLOADED.jpg 600 None
[0] uploader_tests/TEST_NOT_UPLOADED.jpg 600 None
UPLOADER Wed Jul 20 16:32:31 2016 /Users/steve/Code/nypl/uploader.py
UPLOADER Wed Jul 20 16:32:31 2016 /Users/steve/Code/nypl/uploader.py
UPLOADER Wed Jul 20 16:32:31 2016 /Users/steve/Code/nypl/uploader.py
UPLOADER Wed Jul 20 16:32:31 2016 /Users/steve/Code/nypl/uploader.py
UPLOADER Wed Jul 20 16:32:31 2016 /Users/steve/Code/nypl/uploader.py
[0] uploader_tests/TEST_NOT_UPLOADED.jpg 302 LOCATION
[0] uploader_tests/TEST_NOT_UPLOADED.jpg 302 LOCATION
[0] uploader_tests/TEST_NOT_UPLOADED.jpg 302 LOCATION
[0] uploader_tests/TEST_NOT_UPLOADED.jpg 302 LOCATION
[0] uploader_tests/TEST_NOT_UPLOADED.jpg 302 LOCATION
UPLOADER Wed Jul 20 16:32:33 2016 /Users/steve/Code/nypl/uploader.pyc
UPLOADER Wed Jul 20 16:32:33 2016 /Users/steve/Code/nypl/uploader.pyc
UPLOADER Wed Jul 20 16:32:33 2016 /Users/steve/Code/nypl/uploader.pyc
UPLOADER Wed Jul 20 16:32:33 2016 /Users/steve/Code/nypl/uploader.pyc
UPLOADER Wed Jul 20 16:32:33 2016 /Users/steve/Code/nypl/uploader.pyc
UPLOADER Wed Jul 20 16:32:33 2016 /Users/steve/Code/nypl/uploader.pyc
[1] uploader_tests/TEST_UPLOADED.jpg UPLOADED
[1] uploader_tests/TEST_UPLOADED.jpg UPLOADED
[1] uploader_tests/TEST_UPLOADED.jpg UPLOADED
UPLOADER Wed Jul 20 16:32:33 2016 /Users/steve/Code/nypl/uploader.pyc
UPLOADER Wed Jul 20 16:32:33 2016 /Users/steve/Code/nypl/uploader.pyc
UPLOADER Wed Jul 20 16:32:33 2016 /Users/steve/Code/nypl/uploader.pyc
UPLOADER Wed Jul 20 16:32:33 2016 /Users/steve/Code/nypl/uploader.pyc
[0] uploader_tests/TEST_NOT_UPLOADED.jpg 600 None
[0] uploader_tests/TEST_NOT_UPLOADED.jpg 600 None
[0] uploader_tests/TEST_NOT_UPLOADED.jpg 600 None
[0] uploader_tests/TEST_NOT_UPLOADED.jpg 600 None
UPLOADER Wed Jul 20 16:32:33 2016 /Users/steve/Code/nypl/uploader.pyc
UPLOADER Wed Jul 20 16:32:33 2016 /Users/steve/Code/nypl/uploader.pyc
UPLOADER Wed Jul 20 16:32:33 2016 /Users/steve/Code/nypl/uploader.pyc
UPLOADER Wed Jul 20 16:32:33 2016 /Users/steve/Code/nypl/uploader.pyc
UPLOADER Wed Jul 20 16:32:33 2016 /Users/steve/Code/nypl/uploader.pyc
[0] uploader_tests/TEST_NOT_UPLOADED.jpg 302 LOCATION
[0] uploader_tests/TEST_NOT_UPLOADED.jpg 302 LOCATION
[0] uploader_tests/TEST_NOT_UPLOADED.jpg 302 LOCATION
[0] uploader_tests/TEST_NOT_UPLOADED.jpg 302 LOCATION
[0] uploader_tests/TEST_NOT_UPLOADED.jpg 302 LOCATION
UPLOADER Wed Jul 20 16:32:43 2016 /Users/steve/Code/nypl/uploader.pyc
[1] NYPL/05THUM/100390.b.jpg UPLOADED
UPLOADER Wed Jul 20 16:39:25 2016 /Users/steve/Code/nypl/uploader.pyc
[1] NYPL/05THUM/100390.b.jpg UPLOADED
UPLOADER Wed Jul 20 16:39:32 2016 /Users/steve/Code/nypl/uploader.pyc
[1] NYPL/05THUM/100390.a.jpg UPLOADED
UPLOADER Wed Jul 20 16:40:13 2016 /Users/steve/Code/nypl/uploader.pyc
[1] NYPL/05THUM/100390.a.jpg 301 https://ukiyo-e.org/upload
UPLOADER Wed Jul 20 16:53:22 2016 /Users/steve/Code/nypl/uploader.py
[1] NYPL/05THUM/100390.a.jpg UPLOADED
UPLOADER Wed Jul 20 16:53:35 2016 /Users/steve/Code/nypl/uploader.pyc
[1] NYPL/05THUM/100390.a.jpg 301 https://ukiyo-e.org/upload
UPLOADER Wed Jul 20 16:53:53 2016 /Users/steve/Code/nypl/uploader.pyc
[1] NYPL/05THUM/100390.a.jpg 302 https://ukiyo-e.org/upload/2b51612c15c778e22a6f78a55cf21a69
UPLOADER Wed Jul 20 16:55:33 2016 /Users/steve/Code/nypl/uploader.py
[1] NYPL/05THUM100390.a.jpg NOT_FOUND
UPLOADER Wed Jul 20 16:55:43 2016 /Users/steve/Code/nypl/uploader.pyc
[1] NYPL/05THUM/100390.a.jpg UPLOADED
UPLOADER Wed Jul 20 16:55:47 2016 /Users/steve/Code/nypl/uploader.pyc
[1] NYPL/05THUM/100390.a.jpg UPLOADED
[2] NYPL/05THUM/100390.b(F).jpg UPLOADED
UPLOADER Wed Jul 20 16:55:51 2016 /Users/steve/Code/nypl/uploader.pyc
[1] NYPL/05THUM/100390.a.jpg UPLOADED
[2] NYPL/05THUM/100390.b(F).jpg UPLOADED
[3] NYPL/05THUM/100390.b.jpg UPLOADED
UPLOADER Wed Jul 20 16:55:55 2016 /Users/steve/Code/nypl/uploader.pyc
[1] NYPL/05THUM/100390.a.jpg UPLOADED
[2] NYPL/05THUM/100390.b(F).jpg UPLOADED
[3] NYPL/05THUM/100390.b.jpg UPLOADED
[4] NYPL/05THUM/100390.c.jpg 302 https://ukiyo-e.org/upload/90eb1fdb99c6ccbcc92382eb9ba63522
UPLOADER Wed Jul 20 16:58:46 2016 /Users/steve/Code/nypl/uploader.py
[1] NYPL/05THUM/100390.a.jpg UPLOADED
[2] NYPL/05THUM/100390.b(F).jpg UPLOADED
[3] NYPL/05THUM/100390.b.jpg UPLOADED
[4] NYPL/05THUM/100390.c.jpg UPLOADED
UPLOADER Wed Jul 20 16:59:12 2016 /Users/steve/Code/nypl/uploader.pyc
[1] NYPL/05THUM/100390.a.jpg UPLOADED
[2] NYPL/05THUM/100390.b(F).jpg UPLOADED
[3] NYPL/05THUM/100390.b.jpg UPLOADED
[4] NYPL/05THUM/100390.c.jpg UPLOADED
[5] NYPL/05THUM/101318(F).jpg 302 https://ukiyo-e.org/upload/fccff55bbd815e87e7f56268060339f8
UPLOADER Wed Jul 20 16:59:41 2016 /Users/steve/Code/nypl/uploader.pyc
UPLOADER Wed Jul 20 16:59:41 2016 /Users/steve/Code/nypl/uploader.pyc
UPLOADER Wed Jul 20 16:59:41 2016 /Users/steve/Code/nypl/uploader.pyc
UPLOADER Wed Jul 20 16:59:41 2016 /Users/steve/Code/nypl/uploader.pyc
UPLOADER Wed Jul 20 16:59:41 2016 /Users/steve/Code/nypl/uploader.pyc
UPLOADER Wed Jul 20 16:59:41 2016 /Users/steve/Code/nypl/uploader.pyc
[1] uploader_tests/TEST_UPLOADED.jpg UPLOADED
[1] uploader_tests/TEST_UPLOADED.jpg UPLOADED
[1] uploader_tests/TEST_UPLOADED.jpg UPLOADED
UPLOADER Wed Jul 20 16:59:41 2016 /Users/steve/Code/nypl/uploader.pyc
UPLOADER Wed Jul 20 16:59:41 2016 /Users/steve/Code/nypl/uploader.pyc
UPLOADER Wed Jul 20 16:59:41 2016 /Users/steve/Code/nypl/uploader.pyc
UPLOADER Wed Jul 20 16:59:41 2016 /Users/steve/Code/nypl/uploader.pyc
[0] uploader_tests/TEST_NOT_UPLOADED.jpg 600 None
[0] uploader_tests/TEST_NOT_UPLOADED.jpg 600 None
[0] uploader_tests/TEST_NOT_UPLOADED.jpg 600 None
[0] uploader_tests/TEST_NOT_UPLOADED.jpg 600 None
UPLOADER Wed Jul 20 16:59:41 2016 /Users/steve/Code/nypl/uploader.pyc
UPLOADER Wed Jul 20 16:59:41 2016 /Users/steve/Code/nypl/uploader.pyc
UPLOADER Wed Jul 20 16:59:41 2016 /Users/steve/Code/nypl/uploader.pyc
UPLOADER Wed Jul 20 16:59:41 2016 /Users/steve/Code/nypl/uploader.pyc
UPLOADER Wed Jul 20 16:59:41 2016 /Users/steve/Code/nypl/uploader.pyc
[0] uploader_tests/TEST_NOT_UPLOADED.jpg 302 LOCATION
[0] uploader_tests/TEST_NOT_UPLOADED.jpg 302 LOCATION
[0] uploader_tests/TEST_NOT_UPLOADED.jpg 302 LOCATION
[0] uploader_tests/TEST_NOT_UPLOADED.jpg 302 LOCATION
[0] uploader_tests/TEST_NOT_UPLOADED.jpg 302 LOCATION
UPLOADER Wed Jul 20 18:21:36 2016 /Users/steve/Code/nypl/uploader.pyc
UPLOADER Wed Jul 20 18:21:36 2016 /Users/steve/Code/nypl/uploader.pyc
UPLOADER Wed Jul 20 18:21:36 2016 /Users/steve/Code/nypl/uploader.pyc
UPLOADER Wed Jul 20 18:21:36 2016 /Users/steve/Code/nypl/uploader.pyc
UPLOADER Wed Jul 20 18:21:36 2016 /Users/steve/Code/nypl/uploader.pyc
UPLOADER Wed Jul 20 18:21:36 2016 /Users/steve/Code/nypl/uploader.pyc
[1] uploader_tests/TEST_UPLOADED.jpg UPLOADED
[1] uploader_tests/TEST_UPLOADED.jpg UPLOADED
[1] uploader_tests/TEST_UPLOADED.jpg UPLOADED
UPLOADER Wed Jul 20 18:21:36 2016 /Users/steve/Code/nypl/uploader.pyc
UPLOADER Wed Jul 20 18:21:36 2016 /Users/steve/Code/nypl/uploader.pyc
UPLOADER Wed Jul 20 18:21:36 2016 /Users/steve/Code/nypl/uploader.pyc
UPLOADER Wed Jul 20 18:21:36 2016 /Users/steve/Code/nypl/uploader.pyc
[0] uploader_tests/TEST_NOT_UPLOADED.jpg 600 None
[0] uploader_tests/TEST_NOT_UPLOADED.jpg 600 None
[0] uploader_tests/TEST_NOT_UPLOADED.jpg 600 None
[0] uploader_tests/TEST_NOT_UPLOADED.jpg 600 None
UPLOADER Wed Jul 20 18:21:36 2016 /Users/steve/Code/nypl/uploader.pyc
UPLOADER Wed Jul 20 18:21:36 2016 /Users/steve/Code/nypl/uploader.pyc
UPLOADER Wed Jul 20 18:21:36 2016 /Users/steve/Code/nypl/uploader.pyc
UPLOADER Wed Jul 20 18:21:36 2016 /Users/steve/Code/nypl/uploader.pyc
UPLOADER Wed Jul 20 18:21:36 2016 /Users/steve/Code/nypl/uploader.pyc
[0] uploader_tests/TEST_NOT_UPLOADED.jpg 302 LOCATION
[0] uploader_tests/TEST_NOT_UPLOADED.jpg 302 LOCATION
[0] uploader_tests/TEST_NOT_UPLOADED.jpg 302 LOCATION
[0] uploader_tests/TEST_NOT_UPLOADED.jpg 302 LOCATION
[0] uploader_tests/TEST_NOT_UPLOADED.jpg 302 LOCATION
UPLOADER Thu Jul 21 00:59:57 2016 /Users/steve/Code/nypl/uploader.pyc
UPLOADER Thu Jul 21 00:59:57 2016 /Users/steve/Code/nypl/uploader.pyc
UPLOADER Thu Jul 21 00:59:57 2016 /Users/steve/Code/nypl/uploader.pyc
UPLOADER Thu Jul 21 00:59:57 2016 /Users/steve/Code/nypl/uploader.pyc
UPLOADER Thu Jul 21 00:59:57 2016 /Users/steve/Code/nypl/uploader.pyc
UPLOADER Thu Jul 21 00:59:57 2016 /Users/steve/Code/nypl/uploader.pyc
[1] uploader_tests/TEST_UPLOADED.jpg UPLOADED
[1] uploader_tests/TEST_UPLOADED.jpg UPLOADED
[1] uploader_tests/TEST_UPLOADED.jpg UPLOADED
UPLOADER Thu Jul 21 00:59:57 2016 /Users/steve/Code/nypl/uploader.pyc
UPLOADER Thu Jul 21 00:59:57 2016 /Users/steve/Code/nypl/uploader.pyc
UPLOADER Thu Jul 21 00:59:57 2016 /Users/steve/Code/nypl/uploader.pyc
UPLOADER Thu Jul 21 00:59:57 2016 /Users/steve/Code/nypl/uploader.pyc
[0] uploader_tests/TEST_NOT_UPLOADED.jpg 600 None
[0] uploader_tests/TEST_NOT_UPLOADED.jpg 600 None
[0] uploader_tests/TEST_NOT_UPLOADED.jpg 600 None
[0] uploader_tests/TEST_NOT_UPLOADED.jpg 600 None
UPLOADER Thu Jul 21 00:59:57 2016 /Users/steve/Code/nypl/uploader.pyc
UPLOADER Thu Jul 21 00:59:57 2016 /Users/steve/Code/nypl/uploader.pyc
UPLOADER Thu Jul 21 00:59:57 2016 /Users/steve/Code/nypl/uploader.pyc
UPLOADER Thu Jul 21 00:59:57 2016 /Users/steve/Code/nypl/uploader.pyc
UPLOADER Thu Jul 21 00:59:57 2016 /Users/steve/Code/nypl/uploader.pyc
[0] uploader_tests/TEST_NOT_UPLOADED.jpg 302 LOCATION
[0] uploader_tests/TEST_NOT_UPLOADED.jpg 302 LOCATION
[0] uploader_tests/TEST_NOT_UPLOADED.jpg 302 LOCATION
[0] uploader_tests/TEST_NOT_UPLOADED.jpg 302 LOCATION
[0] uploader_tests/TEST_NOT_UPLOADED.jpg 302 LOCATION
UPLOADER Thu Jul 21 00:59:58 2016 /Users/steve/Code/nypl/uploader.pyc
UPLOADER Thu Jul 21 00:59:58 2016 /Users/steve/Code/nypl/uploader.pyc
UPLOADER Thu Jul 21 00:59:58 2016 /Users/steve/Code/nypl/uploader.pyc
UPLOADER Thu Jul 21 00:59:58 2016 /Users/steve/Code/nypl/uploader.pyc
UPLOADER Thu Jul 21 00:59:58 2016 /Users/steve/Code/nypl/uploader.pyc
UPLOADER Thu Jul 21 00:59:58 2016 /Users/steve/Code/nypl/uploader.pyc
[1] uploader_tests/TEST_UPLOADED.jpg UPLOADED
[1] uploader_tests/TEST_UPLOADED.jpg UPLOADED
[1] uploader_tests/TEST_UPLOADED.jpg UPLOADED
UPLOADER Thu Jul 21 00:59:58 2016 /Users/steve/Code/nypl/uploader.pyc
UPLOADER Thu Jul 21 00:59:58 2016 /Users/steve/Code/nypl/uploader.pyc
UPLOADER Thu Jul 21 00:59:58 2016 /Users/steve/Code/nypl/uploader.pyc
UPLOADER Thu Jul 21 00:59:58 2016 /Users/steve/Code/nypl/uploader.pyc
[0] uploader_tests/TEST_NOT_UPLOADED.jpg 600 None
[0] uploader_tests/TEST_NOT_UPLOADED.jpg 600 None
[0] uploader_tests/TEST_NOT_UPLOADED.jpg 600 None
[0] uploader_tests/TEST_NOT_UPLOADED.jpg 600 None
UPLOADER Thu Jul 21 00:59:58 2016 /Users/steve/Code/nypl/uploader.pyc
UPLOADER Thu Jul 21 00:59:58 2016 /Users/steve/Code/nypl/uploader.pyc
UPLOADER Thu Jul 21 00:59:58 2016 /Users/steve/Code/nypl/uploader.pyc
UPLOADER Thu Jul 21 00:59:58 2016 /Users/steve/Code/nypl/uploader.pyc
UPLOADER Thu Jul 21 00:59:58 2016 /Users/steve/Code/nypl/uploader.pyc
[0] uploader_tests/TEST_NOT_UPLOADED.jpg 302 LOCATION
[0] uploader_tests/TEST_NOT_UPLOADED.jpg 302 LOCATION
[0] uploader_tests/TEST_NOT_UPLOADED.jpg 302 LOCATION
[0] uploader_tests/TEST_NOT_UPLOADED.jpg 302 LOCATION
[0] uploader_tests/TEST_NOT_UPLOADED.jpg 302 LOCATION
UPLOADER Thu Jul 21 15:05:14 2016 /Users/steve/Code/nypl/uploader.pyc
[1] NYPL/05THUM/100390.a.jpg UPLOADED
[2] NYPL/05THUM/100390.b(F).jpg UPLOADED
[3] NYPL/05THUM/100390.b.jpg UPLOADED
[4] NYPL/05THUM/100390.c.jpg UPLOADED
[5] NYPL/05THUM/101318(F).jpg UPLOADED
UPLOADER Thu Jul 21 15:06:46 2016 /Users/steve/Code/nypl/uploader.pyc
[1] NYPL/05THUM/100390.a.jpg UPLOADED
[2] NYPL/05THUM/100390.b(F).jpg UPLOADED
[3] NYPL/05THUM/100390.b.jpg UPLOADED
[4] NYPL/05THUM/100390.c.jpg UPLOADED
[5] NYPL/05THUM/101318(F).jpg UPLOADED
UPLOADER Thu Jul 21 15:09:48 2016 /Users/steve/Code/nypl/uploader.py
[1] NYPL/05THUM/100390.a.jpg UPLOADED
[2] NYPL/05THUM/100390.b(F).jpg UPLOADED
[3] NYPL/05THUM/100390.b.jpg UPLOADED
[4] NYPL/05THUM/100390.c.jpg UPLOADED
[5] NYPL/05THUM/101318(F).jpg UPLOADED
